<?xml version="1.0" encoding="UTF-8"?>
<!-- Generated by org.testng.reporters.JUnitXMLReporter -->
<testsuite hostname="Khanjadas-MBP.nyc.rr.com" ignored="2" name="Test1" tests="2" failures="0" timestamp="2021-07-24T23:35:41 EDT" time="0.114" errors="0">
  <testcase name="test1" time="0.017" classname="packageSix.TestNgGroups"/>
  <testcase name="test2" time="0.002" classname="packageSix.TestNgGroups"/>
  <testcase name="test3" time="0.0" classname="packageSix.TestNgGroups">
    <ignored/>
  </testcase> <!-- test3 -->
  <testcase name="test4" time="0.0" classname="packageSix.TestNgGroups">
    <ignored/>
  </testcase> <!-- test4 -->
</testsuite> <!-- Test1 -->
